0 info it worked if it ends with ok
1 verbose cli [ '/Users/sherly.chan/.nvm/versions/node/v6.10.3/bin/node',
1 verbose cli   '/Users/sherly.chan/.nvm/versions/node/v6.10.3/bin/npm',
1 verbose cli   'install',
1 verbose cli   'gulp-sass',
1 verbose cli   '--save-dev' ]
2 info using npm@3.10.10
3 info using node@v6.10.3
4 silly loadCurrentTree Starting
5 silly install loadCurrentTree
6 silly install readLocalPackageData
7 silly fetchPackageMetaData gulp-sass
8 silly fetchNamedPackageData gulp-sass
9 silly mapToRegistry name gulp-sass
10 silly mapToRegistry using default registry
11 silly mapToRegistry registry https://registry.npmjs.org/
12 silly mapToRegistry data Result {
12 silly mapToRegistry   raw: 'gulp-sass',
12 silly mapToRegistry   scope: null,
12 silly mapToRegistry   escapedName: 'gulp-sass',
12 silly mapToRegistry   name: 'gulp-sass',
12 silly mapToRegistry   rawSpec: '',
12 silly mapToRegistry   spec: 'latest',
12 silly mapToRegistry   type: 'tag' }
13 silly mapToRegistry uri https://registry.npmjs.org/gulp-sass
14 verbose request uri https://registry.npmjs.org/gulp-sass
15 verbose request no auth needed
16 info attempt registry request try #1 at 9:29:31 AM
17 verbose request id eeda8accb062eaab
18 http request GET https://registry.npmjs.org/gulp-sass
19 http 200 https://registry.npmjs.org/gulp-sass
20 verbose headers { server: 'nginx/1.10.3',
20 verbose headers   'content-type': 'application/json',
20 verbose headers   'last-modified': 'Sat, 14 Oct 2017 17:31:05 GMT',
20 verbose headers   etag: 'W/"59e249d9-eadc"',
20 verbose headers   'content-encoding': 'gzip',
20 verbose headers   'cache-control': 'max-age=300',
20 verbose headers   'content-length': '9971',
20 verbose headers   'accept-ranges': 'bytes',
20 verbose headers   date: 'Mon, 16 Oct 2017 20:29:31 GMT',
20 verbose headers   via: '1.1 varnish',
20 verbose headers   age: '151',
20 verbose headers   connection: 'keep-alive',
20 verbose headers   'x-served-by': 'cache-akl1422-AKL',
20 verbose headers   'x-cache': 'HIT',
20 verbose headers   'x-cache-hits': '3',
20 verbose headers   'x-timer': 'S1508185772.568322,VS0,VE0',
20 verbose headers   vary: 'Accept-Encoding, Accept' }
21 silly get cb [ 200,
21 silly get   { server: 'nginx/1.10.3',
21 silly get     'content-type': 'application/json',
21 silly get     'last-modified': 'Sat, 14 Oct 2017 17:31:05 GMT',
21 silly get     etag: 'W/"59e249d9-eadc"',
21 silly get     'content-encoding': 'gzip',
21 silly get     'cache-control': 'max-age=300',
21 silly get     'content-length': '9971',
21 silly get     'accept-ranges': 'bytes',
21 silly get     date: 'Mon, 16 Oct 2017 20:29:31 GMT',
21 silly get     via: '1.1 varnish',
21 silly get     age: '151',
21 silly get     connection: 'keep-alive',
21 silly get     'x-served-by': 'cache-akl1422-AKL',
21 silly get     'x-cache': 'HIT',
21 silly get     'x-cache-hits': '3',
21 silly get     'x-timer': 'S1508185772.568322,VS0,VE0',
21 silly get     vary: 'Accept-Encoding, Accept' } ]
22 verbose get saving gulp-sass to /Users/sherly.chan/.npm/registry.npmjs.org/gulp-sass/.cache.json
23 verbose correctMkdir /Users/sherly.chan/.npm correctMkdir not in flight; initializing
24 silly install normalizeTree
25 silly loadCurrentTree Finishing
26 silly loadIdealTree Starting
27 silly install loadIdealTree
28 silly cloneCurrentTree Starting
29 silly install cloneCurrentTreeToIdealTree
30 silly cloneCurrentTree Finishing
31 silly loadShrinkwrap Starting
32 silly install loadShrinkwrap
33 silly loadShrinkwrap Finishing
34 silly loadAllDepsIntoIdealTree Starting
35 silly install loadAllDepsIntoIdealTree
36 silly rollbackFailedOptional Starting
37 silly rollbackFailedOptional Finishing
38 silly runTopLevelLifecycles Finishing
39 silly install printInstalled
40 verbose stack Error: Refusing to install gulp-sass as a dependency of itself
40 verbose stack     at checkSelf (/Users/sherly.chan/.nvm/versions/node/v6.10.3/lib/node_modules/npm/lib/install/validate-args.js:53:14)
40 verbose stack     at Array.<anonymous> (/Users/sherly.chan/.nvm/versions/node/v6.10.3/lib/node_modules/npm/node_modules/slide/lib/bind-actor.js:15:8)
40 verbose stack     at LOOP (/Users/sherly.chan/.nvm/versions/node/v6.10.3/lib/node_modules/npm/node_modules/slide/lib/chain.js:15:14)
40 verbose stack     at chain (/Users/sherly.chan/.nvm/versions/node/v6.10.3/lib/node_modules/npm/node_modules/slide/lib/chain.js:20:5)
40 verbose stack     at /Users/sherly.chan/.nvm/versions/node/v6.10.3/lib/node_modules/npm/lib/install/validate-args.js:16:5
40 verbose stack     at /Users/sherly.chan/.nvm/versions/node/v6.10.3/lib/node_modules/npm/node_modules/slide/lib/async-map.js:52:35
40 verbose stack     at Array.forEach (native)
40 verbose stack     at /Users/sherly.chan/.nvm/versions/node/v6.10.3/lib/node_modules/npm/node_modules/slide/lib/async-map.js:52:11
40 verbose stack     at Array.forEach (native)
40 verbose stack     at asyncMap (/Users/sherly.chan/.nvm/versions/node/v6.10.3/lib/node_modules/npm/node_modules/slide/lib/async-map.js:51:8)
41 verbose cwd /Users/sherly.chan/Projects/sherly/gulp-sass
42 error Darwin 16.7.0
43 error argv "/Users/sherly.chan/.nvm/versions/node/v6.10.3/bin/node" "/Users/sherly.chan/.nvm/versions/node/v6.10.3/bin/npm" "install" "gulp-sass" "--save-dev"
44 error node v6.10.3
45 error npm  v3.10.10
46 error code ENOSELF
47 error Refusing to install gulp-sass as a dependency of itself
48 error If you need help, you may report this error at:
48 error     <https://github.com/npm/npm/issues>
49 verbose exit [ 1, true ]
